<?xml version="1.0" encoding="UTF-8"?>
<!-- Generated by org.testng.reporters.JUnitReportReporter -->
<testsuite hostname="MSI" failures="0" tests="4" name="com.demoqa.tests.BookStoreTests.AddBookTest" time="3.048" errors="0" timestamp="2022-07-31T18:44:42 ICT" skipped="0">
  <testcase classname="com.demoqa.tests.BookStoreTests.AddBookTest" name="addNewBookToCollectionUnsuccessfullyDueToMissingIsbn" time="0.965"/>
  <system-out/>
  <testcase classname="com.demoqa.tests.BookStoreTests.AddBookTest" name="addNewBookToCollectionSuccessfully" time="0.691"/>
  <system-out/>
  <testcase classname="com.demoqa.tests.BookStoreTests.AddBookTest" name="addNewBookToCollectionUnsuccessfullyDueToExistingBook" time="0.701"/>
  <system-out/>
  <testcase classname="com.demoqa.tests.BookStoreTests.AddBookTest" name="addNewBookToCollectionUnsuccessfullyDueToIncorrectUserId" time="0.691"/>
  <system-out/>
</testsuite> <!-- com.demoqa.tests.BookStoreTests.AddBookTest -->
