<?xml version="1.0" encoding="UTF-8"?>
<!-- Generated by org.testng.reporters.JUnitReportReporter -->
<testsuite hostname="MSI" failures="0" tests="2" name="com.demoqa.tests.AccountTests.GetUserTest" time="1.633" errors="0" timestamp="2022-07-31T18:44:42 ICT" skipped="0">
  <testcase classname="com.demoqa.tests.AccountTests.GetUserTest" name="getUserUnsuccessfullyDueToUnauthorized" time="0.663"/>
  <system-out/>
  <testcase classname="com.demoqa.tests.AccountTests.GetUserTest" name="getUserSuccessfully" time="0.970"/>
  <system-out/>
</testsuite> <!-- com.demoqa.tests.AccountTests.GetUserTest -->
