<?xml version="1.0" encoding="UTF-8"?>
<!-- Generated by org.testng.reporters.JUnitReportReporter -->
<testsuite hostname="MSI" failures="0" tests="3" name="com.demoqa.tests.BookStoreTests.DeleteABookTest" time="2.239" errors="0" timestamp="2022-07-31T18:44:42 ICT" skipped="0">
  <testcase classname="com.demoqa.tests.BookStoreTests.DeleteABookTest" name="deleteABookFromCollectionSuccessfully" time="0.739"/>
  <system-out/>
  <testcase classname="com.demoqa.tests.BookStoreTests.DeleteABookTest" name="deleteABookFromCollectionUnsuccessfullyDueToUnexistingIsbn" time="0.773"/>
  <system-out/>
  <testcase classname="com.demoqa.tests.BookStoreTests.DeleteABookTest" name="deleteABookFromCollectionUnsuccessfullyDueToWrongToken" time="0.727"/>
  <system-out/>
</testsuite> <!-- com.demoqa.tests.BookStoreTests.DeleteABookTest -->
