<?xml version="1.0" encoding="UTF-8"?>
<!-- Generated by org.testng.reporters.JUnitReportReporter -->
<testsuite hostname="MSI" failures="0" tests="5" name="com.nashtech.tms.tests.LoginTest" time="23.648" errors="0" timestamp="2022-07-17T17:03:40 ICT" skipped="0">
  <testcase classname="com.nashtech.tms.tests.LoginTest" name="loginUnsuccessfullyWithEmptyUsername" time="4.458"/>
  <system-out/>
  <testcase classname="com.nashtech.tms.tests.LoginTest" name="loginUnsuccessfullyWithEmptyUsernamePassword" time="3.751"/>
  <system-out/>
  <testcase classname="com.nashtech.tms.tests.LoginTest" name="loginUnsuccessfullyWithInvalidAccount" time="4.688"/>
  <system-out/>
  <testcase classname="com.nashtech.tms.tests.LoginTest" name="loginSuccessfullyWithValidAccount" time="4.436"/>
  <system-out/>
  <testcase classname="com.nashtech.tms.tests.LoginTest" name="loginUnsuccessfullyWithEmptyPassword" time="6.315"/>
  <system-out/>
</testsuite> <!-- com.nashtech.tms.tests.LoginTest -->
