<?xml version="1.0" encoding="UTF-8"?>
<!-- Generated by org.testng.reporters.JUnitReportReporter -->
<testsuite hostname="MSI" failures="0" tests="1" name="com.nashtech.tms.tests.SearchProjectTest" time="8.014" errors="0" timestamp="2022-07-17T17:03:40 ICT" skipped="0">
  <testcase classname="com.nashtech.tms.tests.SearchProjectTest" name="searchProjectWithNameLocationTypeSuccessfully" time="8.014"/>
  <system-out/>
</testsuite> <!-- com.nashtech.tms.tests.SearchProjectTest -->
