<?xml version="1.0" encoding="UTF-8"?>
<!-- Generated by org.testng.reporters.JUnitReportReporter -->
<testsuite hostname="MSI" failures="0" tests="1" name="com.thanhtran.jira010.tests.SearchProjectTest" time="8.287" errors="0" timestamp="2022-07-14T19:12:44 ICT" skipped="0">
  <testcase classname="com.thanhtran.jira010.tests.SearchProjectTest" name="searchProjectWithNameLocationTypeSuccessfully" time="8.287"/>
  <system-out/>
</testsuite> <!-- com.thanhtran.jira010.tests.SearchProjectTest -->
