<?xml version="1.0" encoding="UTF-8"?>
<!-- Generated by org.testng.reporters.JUnitReportReporter -->
<testsuite hostname="MSI" failures="0" tests="5" name="com.thanhtran.jira010.tests.LoginTest" time="17.934" errors="0" timestamp="2022-07-14T19:12:44 ICT" skipped="0">
  <testcase classname="com.thanhtran.jira010.tests.LoginTest" name="loginUnsuccessfullyWithEmptyUsername" time="3.517"/>
  <system-out/>
  <testcase classname="com.thanhtran.jira010.tests.LoginTest" name="loginUnsuccessfullyWithInvalidAccount" time="3.819"/>
  <system-out/>
  <testcase classname="com.thanhtran.jira010.tests.LoginTest" name="loginUnsuccessfullyWithEmptyUsernamePassword" time="3.403"/>
  <system-out/>
  <testcase classname="com.thanhtran.jira010.tests.LoginTest" name="loginSuccessfullyWithValidAccount" time="3.935"/>
  <system-out/>
  <testcase classname="com.thanhtran.jira010.tests.LoginTest" name="loginUnsuccessfullyWithEmptyPassword" time="3.260"/>
  <system-out/>
</testsuite> <!-- com.thanhtran.jira010.tests.LoginTest -->
