<?xml version="1.0" encoding="UTF-8"?>
<!-- Generated by org.testng.reporters.JUnitReportReporter -->
<testsuite hostname="MSI" failures="0" tests="1" name="com.nashtech.tms.tests.CreateProjectTest" time="11.948" errors="0" timestamp="2022-07-17T17:03:40 ICT" skipped="0">
  <testcase classname="com.nashtech.tms.tests.CreateProjectTest" name="createProjectWithAllFieldsSuccessfully" time="11.948"/>
  <system-out/>
</testsuite> <!-- com.nashtech.tms.tests.CreateProjectTest -->
