<?xml version="1.0" encoding="UTF-8"?>
<!-- Generated by org.testng.reporters.JUnitXMLReporter -->
<testsuite ignored="2" hostname="MSI" failures="0" tests="7" name="test-suite" time="43.651" errors="0" timestamp="2022-07-17T17:03:40 ICT">
  <testcase classname="com.nashtech.tms.tests.LoginTest" name="loginSuccessfullyWithValidAccount" time="1.121"/>
  <testcase classname="com.nashtech.tms.tests.LoginTest" name="loginUnsuccessfullyWithEmptyPassword" time="0.353"/>
  <testcase classname="com.nashtech.tms.tests.LoginTest" name="loginUnsuccessfullyWithEmptyUsername" time="0.868"/>
  <testcase classname="com.nashtech.tms.tests.LoginTest" name="loginUnsuccessfullyWithEmptyUsernamePassword" time="0.467"/>
  <testcase classname="com.nashtech.tms.tests.LoginTest" name="loginUnsuccessfullyWithInvalidAccount" time="0.952"/>
  <testcase classname="com.nashtech.tms.tests.CreateProjectTest" name="createProjectWithAllFieldsSuccessfully" time="7.307"/>
  <testcase classname="com.nashtech.tms.tests.SearchProjectTest" name="searchProjectWithNameLocationTypeSuccessfully" time="2.798"/>
  <testcase classname="com.nashtech.tms.tests.BaseTest" name="@BeforeSuite beforeSuite" time="0.0">
    <ignored/>
  </testcase> <!-- @BeforeSuite beforeSuite -->
  <testcase classname="com.nashtech.tms.tests.BaseTest" name="@BeforeSuite beforeSuite" time="0.0">
    <ignored/>
  </testcase> <!-- @BeforeSuite beforeSuite -->
</testsuite> <!-- test-suite -->
